2018-10-30 16:31:38 [scrapy] ERROR: Error downloading <GET https&//mp.weixin.qq.com/s?timestamp=1540881747&src=3&ver=1&signature=ysFzl4bM*PNMMoPKCbw9Ypk1yOoVtAJmJcJRzswEcunhPekfSe-SE1RoR8OOVDwaWpCpayNpRxT4B4itzp3YQKi*caQ8T8qYNZwltDeutPbbbk6ncQX--KAyp1vu*pkfd1LqF1YysL3YrqxznsBxfziFF7P4DkQ5sG8IkXZ9Sw4=>
Traceback (most recent call last):
  File "/Library/Frameworks/Python.framework/Versions/3.7/lib/python3.7/site-packages/twisted/internet/defer.py", line 1416, in _inlineCallbacks
    result = result.throwExceptionIntoGenerator(g)
  File "/Library/Frameworks/Python.framework/Versions/3.7/lib/python3.7/site-packages/twisted/python/failure.py", line 491, in throwExceptionIntoGenerator
    return g.throw(self.type, self.value, self.tb)
  File "/Library/Frameworks/Python.framework/Versions/3.7/lib/python3.7/site-packages/scrapy/core/downloader/middleware.py", line 43, in process_request
    defer.returnValue((yield download_func(request=request,spider=spider)))
  File "/Library/Frameworks/Python.framework/Versions/3.7/lib/python3.7/site-packages/scrapy/utils/defer.py", line 45, in mustbe_deferred
    result = f(*args, **kw)
  File "/Library/Frameworks/Python.framework/Versions/3.7/lib/python3.7/site-packages/scrapy/core/downloader/handlers/__init__.py", line 64, in download_request
    (scheme, self._notconfigured[scheme]))
scrapy.exceptions.NotSupported: Unsupported URL scheme '': no handler available for that scheme
2018-10-30 16:31:38 [scrapy] INFO: Closing spider (finished)
2018-10-30 16:31:38 [scrapy] INFO: Dumping Scrapy stats:
{'downloader/exception_count': 1,
 'downloader/exception_type_count/scrapy.exceptions.NotSupported': 1,
 'downloader/request_bytes': 519,
 'downloader/request_count': 1,
 'downloader/request_method_count/GET': 1,
 'finish_reason': 'finished',
 'finish_time': datetime.datetime(2018, 10, 30, 8, 31, 38, 642059),
 'log_count/ERROR': 1,
 'log_count/INFO': 6,
 'memusage/max': 55934976,
 'memusage/startup': 55934976,
 'scheduler/dequeued': 1,
 'scheduler/dequeued/memory': 1,
 'scheduler/enqueued': 1,
 'scheduler/enqueued/memory': 1,
 'start_time': datetime.datetime(2018, 10, 30, 8, 31, 38, 251116)}
2018-10-30 16:31:38 [scrapy] INFO: Spider closed (finished)
