2018-10-30 16:52:49 [scrapy] DEBUG: Crawled (200) <GET https://mp.weixin.qq.com/s?timestamp=1540881747&src=3&ver=1&signature=ysFzl4bM*PNMMoPKCbw9Ypk1yOoVtAJmJcJRzswEcunhPekfSe-SE1RoR8OOVDwaWpCpayNpRxT4B4itzp3YQKi*caQ8T8qYNZwltDeutPbbbk6ncQX--KAyp1vu*pkfd1LqF1YysL3YrqxznsBxfziFF7P4DkQ5sG8IkXZ9Sw4=> (referer: None)
2018-10-30 16:52:49 [scrapy] DEBUG: Filtered offsite request to 'mp.weixin.qq.com': <GET https://mp.weixin.qq.com/s?timestamp=1540881747&src=3&ver=1&signature=ysFzl4bM*PNMMoPKCbw9Ypk1yOoVtAJmJcJRzswEcunhPekfSe-SE1RoR8OOVDwaWpCpayNpRxT4B4itzp3YQKi*caQ8T8qYNZwltDeutPbbbk6ncQX--KAyp1vu*pkfd1LqF1YysL3YrqxznsBxfziFF7P4DkQ5sG8IkXZ9Sw4=>
2018-10-30 16:52:49 [scrapy] INFO: Closing spider (finished)
2018-10-30 16:52:49 [scrapy] INFO: Dumping Scrapy stats:
{'downloader/request_bytes': 511,
 'downloader/request_count': 1,
 'downloader/request_method_count/GET': 1,
 'downloader/response_bytes': 33490,
 'downloader/response_count': 1,
 'downloader/response_status_count/200': 1,
 'finish_reason': 'finished',
 'finish_time': datetime.datetime(2018, 10, 30, 8, 52, 49, 703852),
 'log_count/DEBUG': 2,
 'log_count/INFO': 6,
 'memusage/max': 55967744,
 'memusage/startup': 55963648,
 'offsite/domains': 1,
 'offsite/filtered': 1,
 'request_depth_max': 1,
 'response_received_count': 1,
 'scheduler/dequeued': 1,
 'scheduler/dequeued/memory': 1,
 'scheduler/enqueued': 1,
 'scheduler/enqueued/memory': 1,
 'start_time': datetime.datetime(2018, 10, 30, 8, 52, 49, 60042)}
2018-10-30 16:52:49 [scrapy] INFO: Spider closed (finished)
